  main.cpp
C:\Program Files\Microsoft Visual Studio\2022\Community\VC\Tools\MSVC\14.37.32822\include\memory(3477,56): warning C4244: 'argument': conversion from 'float' to 'size_t', possible loss of data
C:\Users\turtw\OneDrive\Desktop\MEngine\src\CircleRenderer.h(13,23): message : see reference to function template instantiation 'std::unique_ptr<sf::CircleShape,std::default_delete<sf::CircleShape>> std::make_unique<sf::CircleShape,float&,float&,0>(float &,float &)' being compiled
C:\Program Files\Microsoft Visual Studio\2022\Community\VC\Tools\MSVC\14.37.32822\include\memory(3477,56): warning C4244: 'argument': conversion from '_Ty' to 'float', possible loss of data
          with
          [
              _Ty=int
          ]
C:\Users\turtw\OneDrive\Desktop\MEngine\src\GameObject.h(24,20): message : see reference to function template instantiation 'std::unique_ptr<CircleRenderer,std::default_delete<CircleRenderer>> std::make_unique<CircleRenderer,_Ty,int,0>(_Ty &&,int &&)' being compiled
          with
          [
              _Ty=Transform *
          ]
C:\Users\turtw\OneDrive\Desktop\MEngine\MOXEngineGame\main.cpp(21,9): message : see reference to function template instantiation 'T &GameObject::setRenderer<CircleRenderer,Transform*,int>(Transform *&&,int &&)' being compiled
          with
          [
              T=CircleRenderer
          ]
  Generating code
  191 of 425 functions (44.9%) were compiled, the rest were copied from previous compilation.
    168 functions were new in current compilation
    20 functions had inline decision re-evaluated but remain unchanged
  Finished generating code
  MOXEngineGame.vcxproj -> C:\Users\turtw\OneDrive\Desktop\MEngine\build\x64\Release\MOXEngineGame.exe
